<?xml version="1.0" encoding="UTF-8"?>
<testng-results ignored="0" total="1" passed="1" failed="0" skipped="0">
  <reporter-output>
  </reporter-output>
  <suite started-at="2023-02-21T16:15:00 IST" name="Default suite" finished-at="2023-02-21T16:15:18 IST" duration-ms="18185">
    <groups>
    </groups>
    <test started-at="2023-02-21T16:15:00 IST" name="Default test" finished-at="2023-02-21T16:15:18 IST" duration-ms="18185">
      <class name="testVig_Assignment.MovieInformationValidation">
        <test-method signature="imdbTest()[pri:0, instance:testVig_Assignment.MovieInformationValidation@6fdbe764]" started-at="2023-02-21T16:15:00 IST" name="imdbTest" finished-at="2023-02-21T16:15:18 IST" duration-ms="18078" status="PASS">
          <reporter-output>
          </reporter-output>
        </test-method> <!-- imdbTest -->
      </class> <!-- testVig_Assignment.MovieInformationValidation -->
    </test> <!-- Default test -->
  </suite> <!-- Default suite -->
</testng-results>
